{"uid":"a187e1cbd500ce85","name":"The Shopping Store","fullName":"lesson_10.shopping_test#test_shopping","historyId":"b8bb19fa4bde17cdbcbc47b06a2e7472","time":{"start":1746479635755,"stop":1746479642593,"duration":6838},"description":"Этот тест проверяет работу интернет-магазина: добавление товаров, заполнение формы для оплаты + корректность суммы","descriptionHtml":"<p>Этот тест проверяет работу интернет-магазина: добавление товаров, заполнение формы для оплаты + корректность суммы</p>\n","status":"broken","statusMessage":"selenium.common.exceptions.NoSuchElementException: Message: no such element: Unable to locate element: {\"method\":\"css selector\",\"selector\":\"div.summary_total_label\"}\n  (Session info: chrome=135.0.7049.115); For documentation on this error, please visit: https://www.selenium.dev/documentation/webdriver/troubleshooting/errors#no-such-element-exception\nStacktrace:\n\tGetHandleVerifier [0x0124D363+60275]\n\tGetHandleVerifier [0x0124D3A4+60340]\n\t(No symbol) [0x010806F3]\n\t(No symbol) [0x010C8690]\n\t(No symbol) [0x010C8A2B]\n\t(No symbol) [0x01110EE2]\n\t(No symbol) [0x010ED0D4]\n\t(No symbol) [0x0110E6EB]\n\t(No symbol) [0x010ECE86]\n\t(No symbol) [0x010BC623]\n\t(No symbol) [0x010BD474]\n\tGetHandleVerifier [0x01498FE3+2467827]\n\tGetHandleVerifier [0x014945E6+2448886]\n\tGetHandleVerifier [0x014AF80C+2560028]\n\tGetHandleVerifier [0x01263DF5+153093]\n\tGetHandleVerifier [0x0126A3BD+179149]\n\tGetHandleVerifier [0x01254BB8+91080]\n\tGetHandleVerifier [0x01254D60+91504]\n\tGetHandleVerifier [0x0123FA10+4640]\n\tBaseThreadInitThunk [0x75DAFCC9+25]\n\tRtlGetAppContainerNamedObjectPath [0x77CD82AE+286]\n\tRtlGetAppContainerNamedObjectPath [0x77CD827E+238]","statusTrace":"@allure.id(\"Shop\")\n    @allure.epic(\"Shop\")\n    @allure.title(\"The Shopping Store\")\n    @allure.severity(\"BLOCKER\")\n    @allure.feature(\"CLICK\")\n    @allure.description(\"Этот тест проверяет работу интернет-магазина: \"\n                        \"добавление товаров, заполнение формы для оплаты + \"\n                        \"корректность суммы\")\n    def test_shopping():\n    \n        auth = Auth(driver)\n        auth.login(\"standard_user\")\n        auth.password(\"secret_sauce\")\n    \n    \n        main = Main(driver)\n        main.goods()\n        wait1 = WebDriverWait(driver, 15)\n        wait1.until(\n            EC.text_to_be_present_in_element(\n                (By.CSS_SELECTOR, \"span.title\"), \"Your Cart\")\n                )\n    \n        cart = Cart(driver)\n        cart.checkout()\n    \n        form = Form(driver)\n        form.form_name(\"Aliona\")\n        form.form_last_name(\"Nikonorova\")\n        form.form_adress(\"111111\")\n        form.next()\n    \n        with allure.step(\"Проверка соответствия значений as it и to be\"):\n>           as_it = form.count()\n\nshopping_test.py:55: \n_ _ _ _ _ _ _ _ _ _ _ _ _ _ _ _ _ _ _ _ _ _ _ _ _ _ _ _ _ _ _ _ _ _ _ _ _ _ _ _\npages\\form.py:33: in count\n    total = self._browser.find_element(By.CSS_SELECTOR,\n..\\..\\..\\..\\AppData\\Local\\Programs\\Python\\Python313\\Lib\\site-packages\\selenium\\webdriver\\remote\\webdriver.py:898: in find_element\n    return self.execute(Command.FIND_ELEMENT, {\"using\": by, \"value\": value})[\"value\"]\n..\\..\\..\\..\\AppData\\Local\\Programs\\Python\\Python313\\Lib\\site-packages\\selenium\\webdriver\\remote\\webdriver.py:429: in execute\n    self.error_handler.check_response(response)\n_ _ _ _ _ _ _ _ _ _ _ _ _ _ _ _ _ _ _ _ _ _ _ _ _ _ _ _ _ _ _ _ _ _ _ _ _ _ _ _\n\nself = <selenium.webdriver.remote.errorhandler.ErrorHandler object at 0x000001E6B3C2C440>\nresponse = {'status': 404, 'value': '{\"value\":{\"error\":\"no such element\",\"message\":\"no such element: Unable to locate element: {\\...\\n\\\\tRtlGetAppContainerNamedObjectPath [0x77CD82AE+286]\\\\n\\\\tRtlGetAppContainerNamedObjectPath [0x77CD827E+238]\\\\n\"}}'}\n\n    def check_response(self, response: Dict[str, Any]) -> None:\n        \"\"\"Checks that a JSON response from the WebDriver does not have an\n        error.\n    \n        :Args:\n         - response - The JSON response from the WebDriver server as a dictionary\n           object.\n    \n        :Raises: If the response contains an error message.\n        \"\"\"\n        status = response.get(\"status\", None)\n        if not status or status == ErrorCode.SUCCESS:\n            return\n        value = None\n        message = response.get(\"message\", \"\")\n        screen: str = response.get(\"screen\", \"\")\n        stacktrace = None\n        if isinstance(status, int):\n            value_json = response.get(\"value\", None)\n            if value_json and isinstance(value_json, str):\n                import json\n    \n                try:\n                    value = json.loads(value_json)\n                    if len(value) == 1:\n                        value = value[\"value\"]\n                    status = value.get(\"error\", None)\n                    if not status:\n                        status = value.get(\"status\", ErrorCode.UNKNOWN_ERROR)\n                        message = value.get(\"value\") or value.get(\"message\")\n                        if not isinstance(message, str):\n                            value = message\n                            message = message.get(\"message\")\n                    else:\n                        message = value.get(\"message\", None)\n                except ValueError:\n                    pass\n    \n        exception_class: Type[WebDriverException]\n        e = ErrorCode()\n        error_codes = [item for item in dir(e) if not item.startswith(\"__\")]\n        for error_code in error_codes:\n            error_info = getattr(ErrorCode, error_code)\n            if isinstance(error_info, list) and status in error_info:\n                exception_class = getattr(ExceptionMapping, error_code, WebDriverException)\n                break\n        else:\n            exception_class = WebDriverException\n    \n        if not value:\n            value = response[\"value\"]\n        if isinstance(value, str):\n            raise exception_class(value)\n        if message == \"\" and \"message\" in value:\n            message = value[\"message\"]\n    \n        screen = None  # type: ignore[assignment]\n        if \"screen\" in value:\n            screen = value[\"screen\"]\n    \n        stacktrace = None\n        st_value = value.get(\"stackTrace\") or value.get(\"stacktrace\")\n        if st_value:\n            if isinstance(st_value, str):\n                stacktrace = st_value.split(\"\\n\")\n            else:\n                stacktrace = []\n                try:\n                    for frame in st_value:\n                        line = frame.get(\"lineNumber\", \"\")\n                        file = frame.get(\"fileName\", \"<anonymous>\")\n                        if line:\n                            file = f\"{file}:{line}\"\n                        meth = frame.get(\"methodName\", \"<anonymous>\")\n                        if \"className\" in frame:\n                            meth = f\"{frame['className']}.{meth}\"\n                        msg = \"    at %s (%s)\"\n                        msg = msg % (meth, file)\n                        stacktrace.append(msg)\n                except TypeError:\n                    pass\n        if exception_class == UnexpectedAlertPresentException:\n            alert_text = None\n            if \"data\" in value:\n                alert_text = value[\"data\"].get(\"text\")\n            elif \"alert\" in value:\n                alert_text = value[\"alert\"].get(\"text\")\n            raise exception_class(message, screen, stacktrace, alert_text)  # type: ignore[call-arg]  # mypy is not smart enough here\n>       raise exception_class(message, screen, stacktrace)\nE       selenium.common.exceptions.NoSuchElementException: Message: no such element: Unable to locate element: {\"method\":\"css selector\",\"selector\":\"div.summary_total_label\"}\nE         (Session info: chrome=135.0.7049.115); For documentation on this error, please visit: https://www.selenium.dev/documentation/webdriver/troubleshooting/errors#no-such-element-exception\nE       Stacktrace:\nE       \tGetHandleVerifier [0x0124D363+60275]\nE       \tGetHandleVerifier [0x0124D3A4+60340]\nE       \t(No symbol) [0x010806F3]\nE       \t(No symbol) [0x010C8690]\nE       \t(No symbol) [0x010C8A2B]\nE       \t(No symbol) [0x01110EE2]\nE       \t(No symbol) [0x010ED0D4]\nE       \t(No symbol) [0x0110E6EB]\nE       \t(No symbol) [0x010ECE86]\nE       \t(No symbol) [0x010BC623]\nE       \t(No symbol) [0x010BD474]\nE       \tGetHandleVerifier [0x01498FE3+2467827]\nE       \tGetHandleVerifier [0x014945E6+2448886]\nE       \tGetHandleVerifier [0x014AF80C+2560028]\nE       \tGetHandleVerifier [0x01263DF5+153093]\nE       \tGetHandleVerifier [0x0126A3BD+179149]\nE       \tGetHandleVerifier [0x01254BB8+91080]\nE       \tGetHandleVerifier [0x01254D60+91504]\nE       \tGetHandleVerifier [0x0123FA10+4640]\nE       \tBaseThreadInitThunk [0x75DAFCC9+25]\nE       \tRtlGetAppContainerNamedObjectPath [0x77CD82AE+286]\nE       \tRtlGetAppContainerNamedObjectPath [0x77CD827E+238]\n\n..\\..\\..\\..\\AppData\\Local\\Programs\\Python\\Python313\\Lib\\site-packages\\selenium\\webdriver\\remote\\errorhandler.py:232: NoSuchElementException","flaky":false,"newFailed":false,"newBroken":false,"newPassed":false,"retriesCount":0,"retriesStatusChange":false,"beforeStages":[],"testStage":{"description":"Этот тест проверяет работу интернет-магазина: добавление товаров, заполнение формы для оплаты + корректность суммы","status":"broken","statusMessage":"selenium.common.exceptions.NoSuchElementException: Message: no such element: Unable to locate element: {\"method\":\"css selector\",\"selector\":\"div.summary_total_label\"}\n  (Session info: chrome=135.0.7049.115); For documentation on this error, please visit: https://www.selenium.dev/documentation/webdriver/troubleshooting/errors#no-such-element-exception\nStacktrace:\n\tGetHandleVerifier [0x0124D363+60275]\n\tGetHandleVerifier [0x0124D3A4+60340]\n\t(No symbol) [0x010806F3]\n\t(No symbol) [0x010C8690]\n\t(No symbol) [0x010C8A2B]\n\t(No symbol) [0x01110EE2]\n\t(No symbol) [0x010ED0D4]\n\t(No symbol) [0x0110E6EB]\n\t(No symbol) [0x010ECE86]\n\t(No symbol) [0x010BC623]\n\t(No symbol) [0x010BD474]\n\tGetHandleVerifier [0x01498FE3+2467827]\n\tGetHandleVerifier [0x014945E6+2448886]\n\tGetHandleVerifier [0x014AF80C+2560028]\n\tGetHandleVerifier [0x01263DF5+153093]\n\tGetHandleVerifier [0x0126A3BD+179149]\n\tGetHandleVerifier [0x01254BB8+91080]\n\tGetHandleVerifier [0x01254D60+91504]\n\tGetHandleVerifier [0x0123FA10+4640]\n\tBaseThreadInitThunk [0x75DAFCC9+25]\n\tRtlGetAppContainerNamedObjectPath [0x77CD82AE+286]\n\tRtlGetAppContainerNamedObjectPath [0x77CD827E+238]","statusTrace":"@allure.id(\"Shop\")\n    @allure.epic(\"Shop\")\n    @allure.title(\"The Shopping Store\")\n    @allure.severity(\"BLOCKER\")\n    @allure.feature(\"CLICK\")\n    @allure.description(\"Этот тест проверяет работу интернет-магазина: \"\n                        \"добавление товаров, заполнение формы для оплаты + \"\n                        \"корректность суммы\")\n    def test_shopping():\n    \n        auth = Auth(driver)\n        auth.login(\"standard_user\")\n        auth.password(\"secret_sauce\")\n    \n    \n        main = Main(driver)\n        main.goods()\n        wait1 = WebDriverWait(driver, 15)\n        wait1.until(\n            EC.text_to_be_present_in_element(\n                (By.CSS_SELECTOR, \"span.title\"), \"Your Cart\")\n                )\n    \n        cart = Cart(driver)\n        cart.checkout()\n    \n        form = Form(driver)\n        form.form_name(\"Aliona\")\n        form.form_last_name(\"Nikonorova\")\n        form.form_adress(\"111111\")\n        form.next()\n    \n        with allure.step(\"Проверка соответствия значений as it и to be\"):\n>           as_it = form.count()\n\nshopping_test.py:55: \n_ _ _ _ _ _ _ _ _ _ _ _ _ _ _ _ _ _ _ _ _ _ _ _ _ _ _ _ _ _ _ _ _ _ _ _ _ _ _ _\npages\\form.py:33: in count\n    total = self._browser.find_element(By.CSS_SELECTOR,\n..\\..\\..\\..\\AppData\\Local\\Programs\\Python\\Python313\\Lib\\site-packages\\selenium\\webdriver\\remote\\webdriver.py:898: in find_element\n    return self.execute(Command.FIND_ELEMENT, {\"using\": by, \"value\": value})[\"value\"]\n..\\..\\..\\..\\AppData\\Local\\Programs\\Python\\Python313\\Lib\\site-packages\\selenium\\webdriver\\remote\\webdriver.py:429: in execute\n    self.error_handler.check_response(response)\n_ _ _ _ _ _ _ _ _ _ _ _ _ _ _ _ _ _ _ _ _ _ _ _ _ _ _ _ _ _ _ _ _ _ _ _ _ _ _ _\n\nself = <selenium.webdriver.remote.errorhandler.ErrorHandler object at 0x000001E6B3C2C440>\nresponse = {'status': 404, 'value': '{\"value\":{\"error\":\"no such element\",\"message\":\"no such element: Unable to locate element: {\\...\\n\\\\tRtlGetAppContainerNamedObjectPath [0x77CD82AE+286]\\\\n\\\\tRtlGetAppContainerNamedObjectPath [0x77CD827E+238]\\\\n\"}}'}\n\n    def check_response(self, response: Dict[str, Any]) -> None:\n        \"\"\"Checks that a JSON response from the WebDriver does not have an\n        error.\n    \n        :Args:\n         - response - The JSON response from the WebDriver server as a dictionary\n           object.\n    \n        :Raises: If the response contains an error message.\n        \"\"\"\n        status = response.get(\"status\", None)\n        if not status or status == ErrorCode.SUCCESS:\n            return\n        value = None\n        message = response.get(\"message\", \"\")\n        screen: str = response.get(\"screen\", \"\")\n        stacktrace = None\n        if isinstance(status, int):\n            value_json = response.get(\"value\", None)\n            if value_json and isinstance(value_json, str):\n                import json\n    \n                try:\n                    value = json.loads(value_json)\n                    if len(value) == 1:\n                        value = value[\"value\"]\n                    status = value.get(\"error\", None)\n                    if not status:\n                        status = value.get(\"status\", ErrorCode.UNKNOWN_ERROR)\n                        message = value.get(\"value\") or value.get(\"message\")\n                        if not isinstance(message, str):\n                            value = message\n                            message = message.get(\"message\")\n                    else:\n                        message = value.get(\"message\", None)\n                except ValueError:\n                    pass\n    \n        exception_class: Type[WebDriverException]\n        e = ErrorCode()\n        error_codes = [item for item in dir(e) if not item.startswith(\"__\")]\n        for error_code in error_codes:\n            error_info = getattr(ErrorCode, error_code)\n            if isinstance(error_info, list) and status in error_info:\n                exception_class = getattr(ExceptionMapping, error_code, WebDriverException)\n                break\n        else:\n            exception_class = WebDriverException\n    \n        if not value:\n            value = response[\"value\"]\n        if isinstance(value, str):\n            raise exception_class(value)\n        if message == \"\" and \"message\" in value:\n            message = value[\"message\"]\n    \n        screen = None  # type: ignore[assignment]\n        if \"screen\" in value:\n            screen = value[\"screen\"]\n    \n        stacktrace = None\n        st_value = value.get(\"stackTrace\") or value.get(\"stacktrace\")\n        if st_value:\n            if isinstance(st_value, str):\n                stacktrace = st_value.split(\"\\n\")\n            else:\n                stacktrace = []\n                try:\n                    for frame in st_value:\n                        line = frame.get(\"lineNumber\", \"\")\n                        file = frame.get(\"fileName\", \"<anonymous>\")\n                        if line:\n                            file = f\"{file}:{line}\"\n                        meth = frame.get(\"methodName\", \"<anonymous>\")\n                        if \"className\" in frame:\n                            meth = f\"{frame['className']}.{meth}\"\n                        msg = \"    at %s (%s)\"\n                        msg = msg % (meth, file)\n                        stacktrace.append(msg)\n                except TypeError:\n                    pass\n        if exception_class == UnexpectedAlertPresentException:\n            alert_text = None\n            if \"data\" in value:\n                alert_text = value[\"data\"].get(\"text\")\n            elif \"alert\" in value:\n                alert_text = value[\"alert\"].get(\"text\")\n            raise exception_class(message, screen, stacktrace, alert_text)  # type: ignore[call-arg]  # mypy is not smart enough here\n>       raise exception_class(message, screen, stacktrace)\nE       selenium.common.exceptions.NoSuchElementException: Message: no such element: Unable to locate element: {\"method\":\"css selector\",\"selector\":\"div.summary_total_label\"}\nE         (Session info: chrome=135.0.7049.115); For documentation on this error, please visit: https://www.selenium.dev/documentation/webdriver/troubleshooting/errors#no-such-element-exception\nE       Stacktrace:\nE       \tGetHandleVerifier [0x0124D363+60275]\nE       \tGetHandleVerifier [0x0124D3A4+60340]\nE       \t(No symbol) [0x010806F3]\nE       \t(No symbol) [0x010C8690]\nE       \t(No symbol) [0x010C8A2B]\nE       \t(No symbol) [0x01110EE2]\nE       \t(No symbol) [0x010ED0D4]\nE       \t(No symbol) [0x0110E6EB]\nE       \t(No symbol) [0x010ECE86]\nE       \t(No symbol) [0x010BC623]\nE       \t(No symbol) [0x010BD474]\nE       \tGetHandleVerifier [0x01498FE3+2467827]\nE       \tGetHandleVerifier [0x014945E6+2448886]\nE       \tGetHandleVerifier [0x014AF80C+2560028]\nE       \tGetHandleVerifier [0x01263DF5+153093]\nE       \tGetHandleVerifier [0x0126A3BD+179149]\nE       \tGetHandleVerifier [0x01254BB8+91080]\nE       \tGetHandleVerifier [0x01254D60+91504]\nE       \tGetHandleVerifier [0x0123FA10+4640]\nE       \tBaseThreadInitThunk [0x75DAFCC9+25]\nE       \tRtlGetAppContainerNamedObjectPath [0x77CD82AE+286]\nE       \tRtlGetAppContainerNamedObjectPath [0x77CD827E+238]\n\n..\\..\\..\\..\\AppData\\Local\\Programs\\Python\\Python313\\Lib\\site-packages\\selenium\\webdriver\\remote\\errorhandler.py:232: NoSuchElementException","steps":[{"name":"Auth. Ввод логина","time":{"start":1746479639994,"stop":1746479640354,"duration":360},"status":"passed","steps":[],"attachments":[],"parameters":[{"name":"data","value":"'standard_user'"}],"hasContent":true,"stepsCount":0,"attachmentStep":false,"attachmentsCount":0,"shouldDisplayMessage":false},{"name":"Auth. Ввод пароля","time":{"start":1746479640355,"stop":1746479640871,"duration":516},"status":"passed","steps":[],"attachments":[],"parameters":[{"name":"term","value":"'secret_sauce'"}],"hasContent":true,"stepsCount":0,"attachmentStep":false,"attachmentsCount":0,"shouldDisplayMessage":false},{"name":"Main. Добавление товаров","time":{"start":1746479640871,"stop":1746479641678,"duration":807},"status":"passed","steps":[{"name":"Добавить рюкзак","time":{"start":1746479640871,"stop":1746479641077,"duration":206},"status":"passed","steps":[],"attachments":[],"parameters":[],"hasContent":false,"stepsCount":0,"attachmentStep":false,"attachmentsCount":0,"shouldDisplayMessage":false},{"name":"Добавить футболку","time":{"start":1746479641078,"stop":1746479641241,"duration":163},"status":"passed","steps":[],"attachments":[],"parameters":[],"hasContent":false,"stepsCount":0,"attachmentStep":false,"attachmentsCount":0,"shouldDisplayMessage":false},{"name":"Добавить боди","time":{"start":1746479641242,"stop":1746479641394,"duration":152},"status":"passed","steps":[],"attachments":[],"parameters":[],"hasContent":false,"stepsCount":0,"attachmentStep":false,"attachmentsCount":0,"shouldDisplayMessage":false},{"name":"Переход в корзину","time":{"start":1746479641394,"stop":1746479641678,"duration":284},"status":"passed","steps":[],"attachments":[],"parameters":[],"hasContent":false,"stepsCount":0,"attachmentStep":false,"attachmentsCount":0,"shouldDisplayMessage":false}],"attachments":[],"parameters":[],"hasContent":true,"stepsCount":4,"attachmentStep":false,"attachmentsCount":0,"shouldDisplayMessage":false},{"name":"Cart. Проверка корзины","time":{"start":1746479641741,"stop":1746479641916,"duration":175},"status":"passed","steps":[],"attachments":[],"parameters":[],"hasContent":false,"stepsCount":0,"attachmentStep":false,"attachmentsCount":0,"shouldDisplayMessage":false},{"name":"Form. Ввести имя","time":{"start":1746479641916,"stop":1746479642150,"duration":234},"status":"passed","steps":[],"attachments":[],"parameters":[{"name":"data","value":"'Aliona'"}],"hasContent":true,"stepsCount":0,"attachmentStep":false,"attachmentsCount":0,"shouldDisplayMessage":false},{"name":"Form. Ввести фамилию","time":{"start":1746479642151,"stop":1746479642274,"duration":123},"status":"passed","steps":[],"attachments":[],"parameters":[{"name":"data","value":"'Nikonorova'"}],"hasContent":true,"stepsCount":0,"attachmentStep":false,"attachmentsCount":0,"shouldDisplayMessage":false},{"name":"Form. Ввести адрес","time":{"start":1746479642274,"stop":1746479642388,"duration":114},"status":"passed","steps":[],"attachments":[],"parameters":[{"name":"data","value":"'111111'"}],"hasContent":true,"stepsCount":0,"attachmentStep":false,"attachmentsCount":0,"shouldDisplayMessage":false},{"name":"Form. Переход на новую страницу","time":{"start":1746479642388,"stop":1746479642548,"duration":160},"status":"passed","steps":[],"attachments":[],"parameters":[],"hasContent":false,"stepsCount":0,"attachmentStep":false,"attachmentsCount":0,"shouldDisplayMessage":false},{"name":"Проверка соответствия значений as it и to be","time":{"start":1746479642549,"stop":1746479642589,"duration":40},"status":"broken","statusMessage":"selenium.common.exceptions.NoSuchElementException: Message: no such element: Unable to locate element: {\"method\":\"css selector\",\"selector\":\"div.summary_total_label\"}\n  (Session info: chrome=135.0.7049.115); For documentation on this error, please visit: https://www.selenium.dev/documentation/webdriver/troubleshooting/errors#no-such-element-exception\nStacktrace:\n\tGetHandleVerifier [0x0124D363+60275]\n\tGetHandleVerifier [0x0124D3A4+60340]\n\t(No symbol) [0x010806F3]\n\t(No symbol) [0x010C8690]\n\t(No symbol) [0x010C8A2B]\n\t(No symbol) [0x01110EE2]\n\t(No symbol) [0x010ED0D4]\n\t(No symbol) [0x0110E6EB]\n\t(No symbol) [0x010ECE86]\n\t(No symbol) [0x010BC623]\n\t(No symbol) [0x010BD474]\n\tGetHandleVerifier [0x01498FE3+2467827]\n\tGetHandleVerifier [0x014945E6+2448886]\n\tGetHandleVerifier [0x014AF80C+2560028]\n\tGetHandleVerifier [0x01263DF5+153093]\n\tGetHandleVerifier [0x0126A3BD+179149]\n\tGetHandleVerifier [0x01254BB8+91080]\n\tGetHandleVerifier [0x01254D60+91504]\n\tGetHandleVerifier [0x0123FA10+4640]\n\tBaseThreadInitThunk [0x75DAFCC9+25]\n\tRtlGetAppContainerNamedObjectPath [0x77CD82AE+286]\n\tRtlGetAppContainerNamedObjectPath [0x77CD827E+238]\n\n","statusTrace":"  File \"C:\\Users\\User\\Desktop\\Репозиторий\\Python\\lesson_10\\shopping_test.py\", line 55, in test_shopping\n    as_it = form.count()\n  File \"C:\\Users\\User\\AppData\\Local\\Programs\\Python\\Python313\\Lib\\site-packages\\allure_commons\\_allure.py\", line 202, in impl\n    return func(*a, **kw)\n  File \"C:\\Users\\User\\Desktop\\Репозиторий\\Python\\lesson_10\\pages\\form.py\", line 33, in count\n    total = self._browser.find_element(By.CSS_SELECTOR,\n            ~~~~~~~~~~~~~~~~~~~~~~~~~~^^^^^^^^^^^^^^^^^\n                                       \"div.summary_total_label\").text\n                                       ^^^^^^^^^^^^^^^^^^^^^^^^^^\n  File \"C:\\Users\\User\\AppData\\Local\\Programs\\Python\\Python313\\Lib\\site-packages\\selenium\\webdriver\\remote\\webdriver.py\", line 898, in find_element\n    return self.execute(Command.FIND_ELEMENT, {\"using\": by, \"value\": value})[\"value\"]\n           ~~~~~~~~~~~~^^^^^^^^^^^^^^^^^^^^^^^^^^^^^^^^^^^^^^^^^^^^^^^^^^^^^\n  File \"C:\\Users\\User\\AppData\\Local\\Programs\\Python\\Python313\\Lib\\site-packages\\selenium\\webdriver\\remote\\webdriver.py\", line 429, in execute\n    self.error_handler.check_response(response)\n    ~~~~~~~~~~~~~~~~~~~~~~~~~~~~~~~~~^^^^^^^^^^\n  File \"C:\\Users\\User\\AppData\\Local\\Programs\\Python\\Python313\\Lib\\site-packages\\selenium\\webdriver\\remote\\errorhandler.py\", line 232, in check_response\n    raise exception_class(message, screen, stacktrace)\n","steps":[{"name":"Form. Подсчёт суммы","time":{"start":1746479642549,"stop":1746479642576,"duration":27},"status":"broken","statusMessage":"selenium.common.exceptions.NoSuchElementException: Message: no such element: Unable to locate element: {\"method\":\"css selector\",\"selector\":\"div.summary_total_label\"}\n  (Session info: chrome=135.0.7049.115); For documentation on this error, please visit: https://www.selenium.dev/documentation/webdriver/troubleshooting/errors#no-such-element-exception\nStacktrace:\n\tGetHandleVerifier [0x0124D363+60275]\n\tGetHandleVerifier [0x0124D3A4+60340]\n\t(No symbol) [0x010806F3]\n\t(No symbol) [0x010C8690]\n\t(No symbol) [0x010C8A2B]\n\t(No symbol) [0x01110EE2]\n\t(No symbol) [0x010ED0D4]\n\t(No symbol) [0x0110E6EB]\n\t(No symbol) [0x010ECE86]\n\t(No symbol) [0x010BC623]\n\t(No symbol) [0x010BD474]\n\tGetHandleVerifier [0x01498FE3+2467827]\n\tGetHandleVerifier [0x014945E6+2448886]\n\tGetHandleVerifier [0x014AF80C+2560028]\n\tGetHandleVerifier [0x01263DF5+153093]\n\tGetHandleVerifier [0x0126A3BD+179149]\n\tGetHandleVerifier [0x01254BB8+91080]\n\tGetHandleVerifier [0x01254D60+91504]\n\tGetHandleVerifier [0x0123FA10+4640]\n\tBaseThreadInitThunk [0x75DAFCC9+25]\n\tRtlGetAppContainerNamedObjectPath [0x77CD82AE+286]\n\tRtlGetAppContainerNamedObjectPath [0x77CD827E+238]\n\n","statusTrace":"  File \"C:\\Users\\User\\AppData\\Local\\Programs\\Python\\Python313\\Lib\\site-packages\\allure_commons\\_allure.py\", line 202, in impl\n    return func(*a, **kw)\n  File \"C:\\Users\\User\\Desktop\\Репозиторий\\Python\\lesson_10\\pages\\form.py\", line 33, in count\n    total = self._browser.find_element(By.CSS_SELECTOR,\n            ~~~~~~~~~~~~~~~~~~~~~~~~~~^^^^^^^^^^^^^^^^^\n                                       \"div.summary_total_label\").text\n                                       ^^^^^^^^^^^^^^^^^^^^^^^^^^\n  File \"C:\\Users\\User\\AppData\\Local\\Programs\\Python\\Python313\\Lib\\site-packages\\selenium\\webdriver\\remote\\webdriver.py\", line 898, in find_element\n    return self.execute(Command.FIND_ELEMENT, {\"using\": by, \"value\": value})[\"value\"]\n           ~~~~~~~~~~~~^^^^^^^^^^^^^^^^^^^^^^^^^^^^^^^^^^^^^^^^^^^^^^^^^^^^^\n  File \"C:\\Users\\User\\AppData\\Local\\Programs\\Python\\Python313\\Lib\\site-packages\\selenium\\webdriver\\remote\\webdriver.py\", line 429, in execute\n    self.error_handler.check_response(response)\n    ~~~~~~~~~~~~~~~~~~~~~~~~~~~~~~~~~^^^^^^^^^^\n  File \"C:\\Users\\User\\AppData\\Local\\Programs\\Python\\Python313\\Lib\\site-packages\\selenium\\webdriver\\remote\\errorhandler.py\", line 232, in check_response\n    raise exception_class(message, screen, stacktrace)\n","steps":[],"attachments":[],"parameters":[],"hasContent":true,"stepsCount":0,"attachmentStep":false,"attachmentsCount":0,"shouldDisplayMessage":true}],"attachments":[],"parameters":[],"hasContent":true,"stepsCount":1,"attachmentStep":false,"attachmentsCount":0,"shouldDisplayMessage":false}],"attachments":[],"parameters":[],"hasContent":true,"stepsCount":14,"attachmentStep":false,"attachmentsCount":0,"shouldDisplayMessage":true},"afterStages":[],"labels":[{"name":"as_id","value":"Shop"},{"name":"severity","value":"BLOCKER"},{"name":"feature","value":"CLICK"},{"name":"epic","value":"Shop"},{"name":"parentSuite","value":"lesson_10"},{"name":"suite","value":"shopping_test"},{"name":"host","value":"WIN-CBM94B0PS5E"},{"name":"thread","value":"14532-MainThread"},{"name":"framework","value":"pytest"},{"name":"language","value":"cpython3"},{"name":"package","value":"lesson_10.shopping_test"},{"name":"resultFormat","value":"allure2"}],"parameters":[],"links":[],"hidden":false,"retry":false,"extra":{"severity":"blocker","retries":[],"categories":[{"name":"Test defects","matchedStatuses":[]}],"history":{"statistic":{"failed":0,"broken":4,"skipped":0,"passed":1,"unknown":0,"total":5},"items":[{"uid":"70a20f8a7abafa96","status":"broken","statusDetails":"selenium.common.exceptions.TimeoutException: Message:","time":{"start":1746478506933,"stop":1746478526790,"duration":19857}},{"uid":"f97c410f8892efd9","status":"passed","time":{"start":1746384697322,"stop":1746384708351,"duration":11029}},{"uid":"99391ca0e49da301","status":"broken","statusDetails":"selenium.common.exceptions.NoSuchElementException: Message: no such element: Unable to locate element: {\"method\":\"css selector\",\"selector\":\"div.summary_total_label\"}\n  (Session info: chrome=135.0.7049.115); For documentation on this error, please visit: https://www.selenium.dev/documentation/webdriver/troubleshooting/errors#no-such-element-exception\nStacktrace:\n\tGetHandleVerifier [0x00F3D363+60275]\n\tGetHandleVerifier [0x00F3D3A4+60340]\n\t(No symbol) [0x00D706F3]\n\t(No symbol) [0x00DB8690]\n\t(No symbol) [0x00DB8A2B]\n\t(No symbol) [0x00E00EE2]\n\t(No symbol) [0x00DDD0D4]\n\t(No symbol) [0x00DFE6EB]\n\t(No symbol) [0x00DDCE86]\n\t(No symbol) [0x00DAC623]\n\t(No symbol) [0x00DAD474]\n\tGetHandleVerifier [0x01188FE3+2467827]\n\tGetHandleVerifier [0x011845E6+2448886]\n\tGetHandleVerifier [0x0119F80C+2560028]\n\tGetHandleVerifier [0x00F53DF5+153093]\n\tGetHandleVerifier [0x00F5A3BD+179149]\n\tGetHandleVerifier [0x00F44BB8+91080]\n\tGetHandleVerifier [0x00F44D60+91504]\n\tGetHandleVerifier [0x00F2FA10+4640]\n\tBaseThreadInitThunk [0x75DAFCC9+25]\n\tRtlGetAppContainerNamedObjectPath [0x77CD82AE+286]\n\tRtlGetAppContainerNamedObjectPath [0x77CD827E+238]","time":{"start":1746384381350,"stop":1746384387782,"duration":6432}},{"uid":"e7725a11e0a3690a","status":"broken","statusDetails":"selenium.common.exceptions.NoSuchElementException: Message: no such element: Unable to locate element: {\"method\":\"css selector\",\"selector\":\"input#first-name\"}\n  (Session info: chrome=135.0.7049.115); For documentation on this error, please visit: https://www.selenium.dev/documentation/webdriver/troubleshooting/errors#no-such-element-exception\nStacktrace:\n\tGetHandleVerifier [0x00F3D363+60275]\n\tGetHandleVerifier [0x00F3D3A4+60340]\n\t(No symbol) [0x00D706F3]\n\t(No symbol) [0x00DB8690]\n\t(No symbol) [0x00DB8A2B]\n\t(No symbol) [0x00E00EE2]\n\t(No symbol) [0x00DDD0D4]\n\t(No symbol) [0x00DFE6EB]\n\t(No symbol) [0x00DDCE86]\n\t(No symbol) [0x00DAC623]\n\t(No symbol) [0x00DAD474]\n\tGetHandleVerifier [0x01188FE3+2467827]\n\tGetHandleVerifier [0x011845E6+2448886]\n\tGetHandleVerifier [0x0119F80C+2560028]\n\tGetHandleVerifier [0x00F53DF5+153093]\n\tGetHandleVerifier [0x00F5A3BD+179149]\n\tGetHandleVerifier [0x00F44BB8+91080]\n\tGetHandleVerifier [0x00F44D60+91504]\n\tGetHandleVerifier [0x00F2FA10+4640]\n\tBaseThreadInitThunk [0x75DAFCC9+25]\n\tRtlGetAppContainerNamedObjectPath [0x77CD82AE+286]\n\tRtlGetAppContainerNamedObjectPath [0x77CD827E+238]","time":{"start":1746384252354,"stop":1746384256992,"duration":4638}}]},"tags":[]},"source":"a187e1cbd500ce85.json","parameterValues":[]}