{"uid":"f97c410f8892efd9","name":"The Shopping Store","fullName":"lesson_10.shopping_test#test_shopping","historyId":"b8bb19fa4bde17cdbcbc47b06a2e7472","time":{"start":1746384697322,"stop":1746384708351,"duration":11029},"description":"Этот тест проверяет работу интернет-магазина: добавление товаров, заполнение формы для оплаты + корректность суммы","descriptionHtml":"<p>Этот тест проверяет работу интернет-магазина: добавление товаров, заполнение формы для оплаты + корректность суммы</p>\n","status":"passed","flaky":false,"newFailed":false,"newBroken":false,"newPassed":true,"retriesCount":0,"retriesStatusChange":false,"beforeStages":[],"testStage":{"description":"Этот тест проверяет работу интернет-магазина: добавление товаров, заполнение формы для оплаты + корректность суммы","status":"passed","steps":[{"name":"Проверка страницы авторизации","time":{"start":1746384697322,"stop":1746384706582,"duration":9260},"status":"passed","steps":[],"attachments":[],"parameters":[],"stepsCount":0,"hasContent":false,"attachmentStep":false,"shouldDisplayMessage":false,"attachmentsCount":0},{"name":"Проверка возможности добавления товаров в корзину","time":{"start":1746384706582,"stop":1746384707296,"duration":714},"status":"passed","steps":[],"attachments":[],"parameters":[],"stepsCount":0,"hasContent":false,"attachmentStep":false,"shouldDisplayMessage":false,"attachmentsCount":0},{"name":"Проврека отображения товаров в корзине","time":{"start":1746384707296,"stop":1746384707472,"duration":176},"status":"passed","steps":[],"attachments":[],"parameters":[],"stepsCount":0,"hasContent":false,"attachmentStep":false,"shouldDisplayMessage":false,"attachmentsCount":0},{"name":"Проверка заполнения формы для оплаты","time":{"start":1746384707472,"stop":1746384708284,"duration":812},"status":"passed","steps":[],"attachments":[],"parameters":[],"stepsCount":0,"hasContent":false,"attachmentStep":false,"shouldDisplayMessage":false,"attachmentsCount":0},{"name":"Проверка соответствия значений as it и to be","time":{"start":1746384708284,"stop":1746384708351,"duration":67},"status":"passed","steps":[],"attachments":[],"parameters":[],"stepsCount":0,"hasContent":false,"attachmentStep":false,"shouldDisplayMessage":false,"attachmentsCount":0}],"attachments":[],"parameters":[],"stepsCount":5,"hasContent":true,"attachmentStep":false,"shouldDisplayMessage":false,"attachmentsCount":0},"afterStages":[],"labels":[{"name":"severity","value":"BLOCKER"},{"name":"feature","value":"CLICK"},{"name":"epic","value":"Shop"},{"name":"as_id","value":"Shop"},{"name":"parentSuite","value":"lesson_10"},{"name":"suite","value":"shopping_test"},{"name":"host","value":"WIN-CBM94B0PS5E"},{"name":"thread","value":"6572-MainThread"},{"name":"framework","value":"pytest"},{"name":"language","value":"cpython3"},{"name":"package","value":"lesson_10.shopping_test"},{"name":"resultFormat","value":"allure2"}],"parameters":[],"links":[],"hidden":false,"retry":false,"extra":{"severity":"blocker","retries":[],"categories":[],"history":{"statistic":{"failed":0,"broken":2,"skipped":0,"passed":1,"unknown":0,"total":3},"items":[{"uid":"99391ca0e49da301","status":"broken","statusDetails":"selenium.common.exceptions.NoSuchElementException: Message: no such element: Unable to locate element: {\"method\":\"css selector\",\"selector\":\"div.summary_total_label\"}\n  (Session info: chrome=135.0.7049.115); For documentation on this error, please visit: https://www.selenium.dev/documentation/webdriver/troubleshooting/errors#no-such-element-exception\nStacktrace:\n\tGetHandleVerifier [0x00F3D363+60275]\n\tGetHandleVerifier [0x00F3D3A4+60340]\n\t(No symbol) [0x00D706F3]\n\t(No symbol) [0x00DB8690]\n\t(No symbol) [0x00DB8A2B]\n\t(No symbol) [0x00E00EE2]\n\t(No symbol) [0x00DDD0D4]\n\t(No symbol) [0x00DFE6EB]\n\t(No symbol) [0x00DDCE86]\n\t(No symbol) [0x00DAC623]\n\t(No symbol) [0x00DAD474]\n\tGetHandleVerifier [0x01188FE3+2467827]\n\tGetHandleVerifier [0x011845E6+2448886]\n\tGetHandleVerifier [0x0119F80C+2560028]\n\tGetHandleVerifier [0x00F53DF5+153093]\n\tGetHandleVerifier [0x00F5A3BD+179149]\n\tGetHandleVerifier [0x00F44BB8+91080]\n\tGetHandleVerifier [0x00F44D60+91504]\n\tGetHandleVerifier [0x00F2FA10+4640]\n\tBaseThreadInitThunk [0x75DAFCC9+25]\n\tRtlGetAppContainerNamedObjectPath [0x77CD82AE+286]\n\tRtlGetAppContainerNamedObjectPath [0x77CD827E+238]","time":{"start":1746384381350,"stop":1746384387782,"duration":6432}},{"uid":"e7725a11e0a3690a","status":"broken","statusDetails":"selenium.common.exceptions.NoSuchElementException: Message: no such element: Unable to locate element: {\"method\":\"css selector\",\"selector\":\"input#first-name\"}\n  (Session info: chrome=135.0.7049.115); For documentation on this error, please visit: https://www.selenium.dev/documentation/webdriver/troubleshooting/errors#no-such-element-exception\nStacktrace:\n\tGetHandleVerifier [0x00F3D363+60275]\n\tGetHandleVerifier [0x00F3D3A4+60340]\n\t(No symbol) [0x00D706F3]\n\t(No symbol) [0x00DB8690]\n\t(No symbol) [0x00DB8A2B]\n\t(No symbol) [0x00E00EE2]\n\t(No symbol) [0x00DDD0D4]\n\t(No symbol) [0x00DFE6EB]\n\t(No symbol) [0x00DDCE86]\n\t(No symbol) [0x00DAC623]\n\t(No symbol) [0x00DAD474]\n\tGetHandleVerifier [0x01188FE3+2467827]\n\tGetHandleVerifier [0x011845E6+2448886]\n\tGetHandleVerifier [0x0119F80C+2560028]\n\tGetHandleVerifier [0x00F53DF5+153093]\n\tGetHandleVerifier [0x00F5A3BD+179149]\n\tGetHandleVerifier [0x00F44BB8+91080]\n\tGetHandleVerifier [0x00F44D60+91504]\n\tGetHandleVerifier [0x00F2FA10+4640]\n\tBaseThreadInitThunk [0x75DAFCC9+25]\n\tRtlGetAppContainerNamedObjectPath [0x77CD82AE+286]\n\tRtlGetAppContainerNamedObjectPath [0x77CD827E+238]","time":{"start":1746384252354,"stop":1746384256992,"duration":4638}}]},"tags":[]},"source":"f97c410f8892efd9.json","parameterValues":[]}