{"7875525e7f3e8f53f2ce768a33d7b2dc":{"statistic":{"failed":0,"broken":0,"skipped":0,"passed":3,"unknown":0,"total":3},"items":[{"uid":"b42e2bbc3c096234","status":"passed","time":{"start":1746384708358,"stop":1746384760122,"duration":51764}},{"uid":"3465336f100b75b1","status":"passed","time":{"start":1746384388298,"stop":1746384437085,"duration":48787}},{"uid":"e69d116f0ca239b1","status":"passed","time":{"start":1746384257456,"stop":1746384308431,"duration":50975}}]},"b8bb19fa4bde17cdbcbc47b06a2e7472":{"statistic":{"failed":0,"broken":2,"skipped":0,"passed":1,"unknown":0,"total":3},"items":[{"uid":"f97c410f8892efd9","status":"passed","time":{"start":1746384697322,"stop":1746384708351,"duration":11029}},{"uid":"99391ca0e49da301","status":"broken","statusDetails":"selenium.common.exceptions.NoSuchElementException: Message: no such element: Unable to locate element: {\"method\":\"css selector\",\"selector\":\"div.summary_total_label\"}\n  (Session info: chrome=135.0.7049.115); For documentation on this error, please visit: https://www.selenium.dev/documentation/webdriver/troubleshooting/errors#no-such-element-exception\nStacktrace:\n\tGetHandleVerifier [0x00F3D363+60275]\n\tGetHandleVerifier [0x00F3D3A4+60340]\n\t(No symbol) [0x00D706F3]\n\t(No symbol) [0x00DB8690]\n\t(No symbol) [0x00DB8A2B]\n\t(No symbol) [0x00E00EE2]\n\t(No symbol) [0x00DDD0D4]\n\t(No symbol) [0x00DFE6EB]\n\t(No symbol) [0x00DDCE86]\n\t(No symbol) [0x00DAC623]\n\t(No symbol) [0x00DAD474]\n\tGetHandleVerifier [0x01188FE3+2467827]\n\tGetHandleVerifier [0x011845E6+2448886]\n\tGetHandleVerifier [0x0119F80C+2560028]\n\tGetHandleVerifier [0x00F53DF5+153093]\n\tGetHandleVerifier [0x00F5A3BD+179149]\n\tGetHandleVerifier [0x00F44BB8+91080]\n\tGetHandleVerifier [0x00F44D60+91504]\n\tGetHandleVerifier [0x00F2FA10+4640]\n\tBaseThreadInitThunk [0x75DAFCC9+25]\n\tRtlGetAppContainerNamedObjectPath [0x77CD82AE+286]\n\tRtlGetAppContainerNamedObjectPath [0x77CD827E+238]","time":{"start":1746384381350,"stop":1746384387782,"duration":6432}},{"uid":"e7725a11e0a3690a","status":"broken","statusDetails":"selenium.common.exceptions.NoSuchElementException: Message: no such element: Unable to locate element: {\"method\":\"css selector\",\"selector\":\"input#first-name\"}\n  (Session info: chrome=135.0.7049.115); For documentation on this error, please visit: https://www.selenium.dev/documentation/webdriver/troubleshooting/errors#no-such-element-exception\nStacktrace:\n\tGetHandleVerifier [0x00F3D363+60275]\n\tGetHandleVerifier [0x00F3D3A4+60340]\n\t(No symbol) [0x00D706F3]\n\t(No symbol) [0x00DB8690]\n\t(No symbol) [0x00DB8A2B]\n\t(No symbol) [0x00E00EE2]\n\t(No symbol) [0x00DDD0D4]\n\t(No symbol) [0x00DFE6EB]\n\t(No symbol) [0x00DDCE86]\n\t(No symbol) [0x00DAC623]\n\t(No symbol) [0x00DAD474]\n\tGetHandleVerifier [0x01188FE3+2467827]\n\tGetHandleVerifier [0x011845E6+2448886]\n\tGetHandleVerifier [0x0119F80C+2560028]\n\tGetHandleVerifier [0x00F53DF5+153093]\n\tGetHandleVerifier [0x00F5A3BD+179149]\n\tGetHandleVerifier [0x00F44BB8+91080]\n\tGetHandleVerifier [0x00F44D60+91504]\n\tGetHandleVerifier [0x00F2FA10+4640]\n\tBaseThreadInitThunk [0x75DAFCC9+25]\n\tRtlGetAppContainerNamedObjectPath [0x77CD82AE+286]\n\tRtlGetAppContainerNamedObjectPath [0x77CD827E+238]","time":{"start":1746384252354,"stop":1746384256992,"duration":4638}}]}}