{"name": "The Shopping Store", "status": "broken", "statusDetails": {"message": "selenium.common.exceptions.NoSuchElementException: Message: no such element: Unable to locate element: {\"method\":\"css selector\",\"selector\":\"div.summary_total_label\"}\n  (Session info: chrome=135.0.7049.115); For documentation on this error, please visit: https://www.selenium.dev/documentation/webdriver/troubleshooting/errors#no-such-element-exception\nStacktrace:\n\tGetHandleVerifier [0x00F3D363+60275]\n\tGetHandleVerifier [0x00F3D3A4+60340]\n\t(No symbol) [0x00D706F3]\n\t(No symbol) [0x00DB8690]\n\t(No symbol) [0x00DB8A2B]\n\t(No symbol) [0x00E00EE2]\n\t(No symbol) [0x00DDD0D4]\n\t(No symbol) [0x00DFE6EB]\n\t(No symbol) [0x00DDCE86]\n\t(No symbol) [0x00DAC623]\n\t(No symbol) [0x00DAD474]\n\tGetHandleVerifier [0x01188FE3+2467827]\n\tGetHandleVerifier [0x011845E6+2448886]\n\tGetHandleVerifier [0x0119F80C+2560028]\n\tGetHandleVerifier [0x00F53DF5+153093]\n\tGetHandleVerifier [0x00F5A3BD+179149]\n\tGetHandleVerifier [0x00F44BB8+91080]\n\tGetHandleVerifier [0x00F44D60+91504]\n\tGetHandleVerifier [0x00F2FA10+4640]\n\tBaseThreadInitThunk [0x75DAFCC9+25]\n\tRtlGetAppContainerNamedObjectPath [0x77CD82AE+286]\n\tRtlGetAppContainerNamedObjectPath [0x77CD827E+238]", "trace": "@allure.id(\"Shop\")\n    @allure.epic(\"Shop\")\n    @allure.title(\"The Shopping Store\")\n    @allure.severity(\"BLOCKER\")\n    @allure.feature(\"CLICK\")\n    @allure.description(\"Этот тест проверяет работу интернет-магазина: \"\n                        \"добавление товаров, заполнение формы для оплаты + \"\n                        \"корректность суммы\")\n    def test_shopping():\n    \n        with allure.step(\"Проверка страницы авторизации\"):\n            auth = Auth(driver)\n            auth.login(\"standard_user\")\n            auth.password(\"secret_sauce\")\n    \n        with allure.step(\"Проверка возможности добавления товаров в корзину\"):\n            main = Main(driver)\n            main.goods()\n            wait1 = WebDriverWait(driver, 15)\n            wait1.until(\n                EC.text_to_be_present_in_element(\n                    (By.CSS_SELECTOR, \"span.title\"), \"Your Cart\")\n                    )\n    \n        with allure.step(\"Проврека отображения товаров в корзине\"):\n            cart = Cart(driver)\n            cart.checkout()\n    \n        with allure.step(\"Проверка заполнения формы для оплаты\"):\n            form = Form(driver)\n            form.form_name(\"Aliona\")\n            form.form_last_name(\"Nikonorova\")\n            form.form_adress(\"111111\")\n            form.next()\n    \n        with allure.step(\"Проверка соответствия значений as it и to be\"):\n>           as_it = form.count()\n\nshopping_test.py:58: \n_ _ _ _ _ _ _ _ _ _ _ _ _ _ _ _ _ _ _ _ _ _ _ _ _ _ _ _ _ _ _ _ _ _ _ _ _ _ _ _ _ _ _ _ _ _ _ _ _ _ _ _ _ _ _ _ _ _ _ _ _ _ _ _ _ _ _ _ _ _ _ _ _ _ _ _ _ _ _ _ _ _ _ _\npages\\form.py:27: in count\n    total = self._browser.find_element(By.CSS_SELECTOR,\n..\\..\\..\\..\\AppData\\Local\\Programs\\Python\\Python313\\Lib\\site-packages\\selenium\\webdriver\\remote\\webdriver.py:898: in find_element\n    return self.execute(Command.FIND_ELEMENT, {\"using\": by, \"value\": value})[\"value\"]\n..\\..\\..\\..\\AppData\\Local\\Programs\\Python\\Python313\\Lib\\site-packages\\selenium\\webdriver\\remote\\webdriver.py:429: in execute\n    self.error_handler.check_response(response)\n_ _ _ _ _ _ _ _ _ _ _ _ _ _ _ _ _ _ _ _ _ _ _ _ _ _ _ _ _ _ _ _ _ _ _ _ _ _ _ _ _ _ _ _ _ _ _ _ _ _ _ _ _ _ _ _ _ _ _ _ _ _ _ _ _ _ _ _ _ _ _ _ _ _ _ _ _ _ _ _ _ _ _ _\n\nself = <selenium.webdriver.remote.errorhandler.ErrorHandler object at 0x0000024F7884C1A0>\nresponse = {'status': 404, 'value': '{\"value\":{\"error\":\"no such element\",\"message\":\"no such element: Unable to locate element: {\\...\\n\\\\tRtlGetAppContainerNamedObjectPath [0x77CD82AE+286]\\\\n\\\\tRtlGetAppContainerNamedObjectPath [0x77CD827E+238]\\\\n\"}}'}\n\n    def check_response(self, response: Dict[str, Any]) -> None:\n        \"\"\"Checks that a JSON response from the WebDriver does not have an\n        error.\n    \n        :Args:\n         - response - The JSON response from the WebDriver server as a dictionary\n           object.\n    \n        :Raises: If the response contains an error message.\n        \"\"\"\n        status = response.get(\"status\", None)\n        if not status or status == ErrorCode.SUCCESS:\n            return\n        value = None\n        message = response.get(\"message\", \"\")\n        screen: str = response.get(\"screen\", \"\")\n        stacktrace = None\n        if isinstance(status, int):\n            value_json = response.get(\"value\", None)\n            if value_json and isinstance(value_json, str):\n                import json\n    \n                try:\n                    value = json.loads(value_json)\n                    if len(value) == 1:\n                        value = value[\"value\"]\n                    status = value.get(\"error\", None)\n                    if not status:\n                        status = value.get(\"status\", ErrorCode.UNKNOWN_ERROR)\n                        message = value.get(\"value\") or value.get(\"message\")\n                        if not isinstance(message, str):\n                            value = message\n                            message = message.get(\"message\")\n                    else:\n                        message = value.get(\"message\", None)\n                except ValueError:\n                    pass\n    \n        exception_class: Type[WebDriverException]\n        e = ErrorCode()\n        error_codes = [item for item in dir(e) if not item.startswith(\"__\")]\n        for error_code in error_codes:\n            error_info = getattr(ErrorCode, error_code)\n            if isinstance(error_info, list) and status in error_info:\n                exception_class = getattr(ExceptionMapping, error_code, WebDriverException)\n                break\n        else:\n            exception_class = WebDriverException\n    \n        if not value:\n            value = response[\"value\"]\n        if isinstance(value, str):\n            raise exception_class(value)\n        if message == \"\" and \"message\" in value:\n            message = value[\"message\"]\n    \n        screen = None  # type: ignore[assignment]\n        if \"screen\" in value:\n            screen = value[\"screen\"]\n    \n        stacktrace = None\n        st_value = value.get(\"stackTrace\") or value.get(\"stacktrace\")\n        if st_value:\n            if isinstance(st_value, str):\n                stacktrace = st_value.split(\"\\n\")\n            else:\n                stacktrace = []\n                try:\n                    for frame in st_value:\n                        line = frame.get(\"lineNumber\", \"\")\n                        file = frame.get(\"fileName\", \"<anonymous>\")\n                        if line:\n                            file = f\"{file}:{line}\"\n                        meth = frame.get(\"methodName\", \"<anonymous>\")\n                        if \"className\" in frame:\n                            meth = f\"{frame['className']}.{meth}\"\n                        msg = \"    at %s (%s)\"\n                        msg = msg % (meth, file)\n                        stacktrace.append(msg)\n                except TypeError:\n                    pass\n        if exception_class == UnexpectedAlertPresentException:\n            alert_text = None\n            if \"data\" in value:\n                alert_text = value[\"data\"].get(\"text\")\n            elif \"alert\" in value:\n                alert_text = value[\"alert\"].get(\"text\")\n            raise exception_class(message, screen, stacktrace, alert_text)  # type: ignore[call-arg]  # mypy is not smart enough here\n>       raise exception_class(message, screen, stacktrace)\nE       selenium.common.exceptions.NoSuchElementException: Message: no such element: Unable to locate element: {\"method\":\"css selector\",\"selector\":\"div.summary_total_label\"}\nE         (Session info: chrome=135.0.7049.115); For documentation on this error, please visit: https://www.selenium.dev/documentation/webdriver/troubleshooting/errors#no-such-element-exception\nE       Stacktrace:\nE       \tGetHandleVerifier [0x00F3D363+60275]\nE       \tGetHandleVerifier [0x00F3D3A4+60340]\nE       \t(No symbol) [0x00D706F3]\nE       \t(No symbol) [0x00DB8690]\nE       \t(No symbol) [0x00DB8A2B]\nE       \t(No symbol) [0x00E00EE2]\nE       \t(No symbol) [0x00DDD0D4]\nE       \t(No symbol) [0x00DFE6EB]\nE       \t(No symbol) [0x00DDCE86]\nE       \t(No symbol) [0x00DAC623]\nE       \t(No symbol) [0x00DAD474]\nE       \tGetHandleVerifier [0x01188FE3+2467827]\nE       \tGetHandleVerifier [0x011845E6+2448886]\nE       \tGetHandleVerifier [0x0119F80C+2560028]\nE       \tGetHandleVerifier [0x00F53DF5+153093]\nE       \tGetHandleVerifier [0x00F5A3BD+179149]\nE       \tGetHandleVerifier [0x00F44BB8+91080]\nE       \tGetHandleVerifier [0x00F44D60+91504]\nE       \tGetHandleVerifier [0x00F2FA10+4640]\nE       \tBaseThreadInitThunk [0x75DAFCC9+25]\nE       \tRtlGetAppContainerNamedObjectPath [0x77CD82AE+286]\nE       \tRtlGetAppContainerNamedObjectPath [0x77CD827E+238]\n\n..\\..\\..\\..\\AppData\\Local\\Programs\\Python\\Python313\\Lib\\site-packages\\selenium\\webdriver\\remote\\errorhandler.py:232: NoSuchElementException"}, "description": "Этот тест проверяет работу интернет-магазина: добавление товаров, заполнение формы для оплаты + корректность суммы", "steps": [{"name": "Проверка страницы авторизации", "status": "passed", "start": 1746379848931, "stop": 1746379852829}, {"name": "Проверка возможности добавления товаров в корзину", "status": "passed", "start": 1746379852829, "stop": 1746379853689}, {"name": "Проврека отображения товаров в корзине", "status": "passed", "start": 1746379853689, "stop": 1746379853850}, {"name": "Проверка заполнения формы для оплаты", "status": "passed", "start": 1746379853850, "stop": 1746379854445}, {"name": "Проверка соответствия значений as it и to be", "status": "broken", "statusDetails": {"message": "selenium.common.exceptions.NoSuchElementException: Message: no such element: Unable to locate element: {\"method\":\"css selector\",\"selector\":\"div.summary_total_label\"}\n  (Session info: chrome=135.0.7049.115); For documentation on this error, please visit: https://www.selenium.dev/documentation/webdriver/troubleshooting/errors#no-such-element-exception\nStacktrace:\n\tGetHandleVerifier [0x00F3D363+60275]\n\tGetHandleVerifier [0x00F3D3A4+60340]\n\t(No symbol) [0x00D706F3]\n\t(No symbol) [0x00DB8690]\n\t(No symbol) [0x00DB8A2B]\n\t(No symbol) [0x00E00EE2]\n\t(No symbol) [0x00DDD0D4]\n\t(No symbol) [0x00DFE6EB]\n\t(No symbol) [0x00DDCE86]\n\t(No symbol) [0x00DAC623]\n\t(No symbol) [0x00DAD474]\n\tGetHandleVerifier [0x01188FE3+2467827]\n\tGetHandleVerifier [0x011845E6+2448886]\n\tGetHandleVerifier [0x0119F80C+2560028]\n\tGetHandleVerifier [0x00F53DF5+153093]\n\tGetHandleVerifier [0x00F5A3BD+179149]\n\tGetHandleVerifier [0x00F44BB8+91080]\n\tGetHandleVerifier [0x00F44D60+91504]\n\tGetHandleVerifier [0x00F2FA10+4640]\n\tBaseThreadInitThunk [0x75DAFCC9+25]\n\tRtlGetAppContainerNamedObjectPath [0x77CD82AE+286]\n\tRtlGetAppContainerNamedObjectPath [0x77CD827E+238]\n\n", "trace": "  File \"C:\\Users\\User\\Desktop\\Репозиторий\\Python\\lesson_10\\shopping_test.py\", line 58, in test_shopping\n    as_it = form.count()\n  File \"C:\\Users\\User\\Desktop\\Репозиторий\\Python\\lesson_10\\pages\\form.py\", line 27, in count\n    total = self._browser.find_element(By.CSS_SELECTOR,\n            ~~~~~~~~~~~~~~~~~~~~~~~~~~^^^^^^^^^^^^^^^^^\n                                       \"div.summary_total_label\").text\n                                       ^^^^^^^^^^^^^^^^^^^^^^^^^^\n  File \"C:\\Users\\User\\AppData\\Local\\Programs\\Python\\Python313\\Lib\\site-packages\\selenium\\webdriver\\remote\\webdriver.py\", line 898, in find_element\n    return self.execute(Command.FIND_ELEMENT, {\"using\": by, \"value\": value})[\"value\"]\n           ~~~~~~~~~~~~^^^^^^^^^^^^^^^^^^^^^^^^^^^^^^^^^^^^^^^^^^^^^^^^^^^^^\n  File \"C:\\Users\\User\\AppData\\Local\\Programs\\Python\\Python313\\Lib\\site-packages\\selenium\\webdriver\\remote\\webdriver.py\", line 429, in execute\n    self.error_handler.check_response(response)\n    ~~~~~~~~~~~~~~~~~~~~~~~~~~~~~~~~~^^^^^^^^^^\n  File \"C:\\Users\\User\\AppData\\Local\\Programs\\Python\\Python313\\Lib\\site-packages\\selenium\\webdriver\\remote\\errorhandler.py\", line 232, in check_response\n    raise exception_class(message, screen, stacktrace)\n"}, "start": 1746379854445, "stop": 1746379854482}], "start": 1746379848931, "stop": 1746379854490, "uuid": "e1c65fcf-5391-49df-9f88-d3ab5327c80c", "historyId": "b8bb19fa4bde17cdbcbc47b06a2e7472", "testCaseId": "b8bb19fa4bde17cdbcbc47b06a2e7472", "fullName": "lesson_10.shopping_test#test_shopping", "labels": [{"name": "feature", "value": "CLICK"}, {"name": "epic", "value": "Shop"}, {"name": "severity", "value": "BLOCKER"}, {"name": "as_id", "value": "Shop"}, {"name": "parentSuite", "value": "lesson_10"}, {"name": "suite", "value": "shopping_test"}, {"name": "host", "value": "WIN-CBM94B0PS5E"}, {"name": "thread", "value": "14984-MainThread"}, {"name": "framework", "value": "pytest"}, {"name": "language", "value": "cpython3"}, {"name": "package", "value": "lesson_10.shopping_test"}]}